🚀 Agent 监控平台 API 服务已启动
📡 监听端口：http://0.0.0.0:3001
📊 可用端点:
   GET /api/subagents/list - 获取子 Agent 列表
   GET /api/sessions/list  - 获取会话列表
   GET /api/stats          - 获取统计数据
   GET /api/health         - 健康检查
💡 当前使用 **真实数据** (OpenClaw CLI)
🌐 可从外部访问（需要防火墙开放端口）
[API] 请求会话历史：1772898590167
[API] 请求会话历史：1772898590167
[API] 请求会话历史：1772898590167
[API] 请求会话历史：1772898590167
[API] 请求会话历史：1772898590167
[API] 请求会话历史：1772898590167
[API] 返回配置列表 - Agents: 7 Workspace: 26 Skills: 12
[API] 返回配置列表 - Agents: 7 Workspace: 26 Skills: 12
[API] 请求会话历史：1772898654100
[API] 请求会话历史：1772898654100
[API] 请求会话历史：1772898654100
[API] 请求会话历史：1772898654100
